********************************************************************************
product = Open Liberty 26.0.0.7 (wlp-1.0.115.cl260720260702-0043)
wlp.install.dir = C:/Users/USER/OneDrive/Desktop/Universidad/Ciclo2/POO/U2/Pawsity/target/liberty/wlp/
java.home = C:\Program Files\Java\jdk-21
java.version = 21.0.9
java.runtime = Java(TM) SE Runtime Environment (21.0.9+7-LTS-338)
os = Windows 11 (10.0; amd64) (es_EC)
process = 4624@LP-RIV
Classpath = C:\Users\USER\OneDrive\Desktop\Universidad\Ciclo2\POO\U2\Pawsity\target\liberty\wlp\bin\tools\ws-server.jar
Java Library path = C:\Program Files\Java\jdk-21\bin;C:\WINDOWS\Sun\Java\bin;C:\WINDOWS\system32;C:\WINDOWS;C:\Program Files\Common Files\Oracle\Java\javapath;C:\Program Files (x86)\Common Files\Oracle\Java\javapath;C:\WINDOWS\system32;C:\WINDOWS;C:\WINDOWS\System32\Wbem;C:\WINDOWS\System32\WindowsPowerShell\v1.0\;C:\WINDOWS\System32\OpenSSH\;C:\MinGW\bin;C:\Program Files\dotnet\;C:\Program Files\Git\cmd;C:\Program Files\Java\jdk-21\bin;;C:\Program Files\Docker\Docker\resources\bin;C:\Users\USER\AppData\Local\Programs\Python\Python314\Scripts\;C:\Users\USER\AppData\Local\Programs\Python\Python314\;C:\Users\USER\AppData\Local\Programs\Python\Launcher\;C:\Users\USER\AppData\Local\Microsoft\WindowsApps;C:\Users\USER\AppData\Local\Programs\Microsoft VS Code\bin;C:\Program Files\JetBrains\IntelliJ IDEA 2026.1\bin;C:\Users\USER\AppData\Local\GitHubDesktop\bin;.
********************************************************************************
[15/7/26, 09:33:52:370 ECT] 00000001 com.ibm.ws.kernel.launch.internal.FrameworkManager           A CWWKE0001I: El servidor defaultServer se ha lanzado.
[15/7/26, 09:33:54:110 ECT] 00000001 com.ibm.ws.kernel.launch.internal.FrameworkManager           I CWWKE0002I: El kernel se ha iniciado después de 2,089 segundos
[15/7/26, 09:33:54:183 ECT] 00000044 com.ibm.ws.kernel.feature.internal.FeatureManager            I CWWKF0007I: La actualización de características se ha iniciado.
[15/7/26, 09:33:56:478 ECT] 00000038 com.ibm.ws.security.ready.internal.SecurityReadyServiceImpl  I CWWKS0007I: El servicio de seguridad se está iniciando...
[15/7/26, 09:33:56:837 ECT] 0000003a com.ibm.ws.app.manager.internal.monitor.DropinMonitor        A CWWKZ0058I: Supervisando aplicaciones de dropins.
[15/7/26, 09:33:57:551 ECT] 0000003c com.ibm.ws.cache.ServerCache                                 I DYNA1001I: La instancia de memoria caché dinámica de WebSphere con nombre baseCache se ha inicializado correctamente.
[15/7/26, 09:33:57:558 ECT] 0000003c com.ibm.ws.cache.ServerCache                                 I DYNA1071I: Se está utilizando el proveedor de memoria caché default.
[15/7/26, 09:33:57:561 ECT] 0000003c com.ibm.ws.cache.CacheServiceImpl                            I DYNA1056I: La memoria caché dinámica (memoria caché de objeto) se ha inicializado correctamente.
[15/7/26, 09:33:57:956 ECT] 0000003a org.jboss.weld.Version                                       I WELD-000900: 5.1.1 (SP2)
[15/7/26, 09:33:58:283 ECT] 00000040 com.ibm.ws.ssl.config.WSKeyStore                             A CWPKI0820A: El almacén de claves predeterminado se ha creado con la variable de entorno 'keystore_password'.
[15/7/26, 09:33:58:296 ECT] 00000040 com.ibm.ws.ssl.config.WSKeyStore                             I CWPKI0802I: Creando el certificado SSL. Esto puede tardar unos segundos.
[15/7/26, 09:33:58:359 ECT] 00000048 com.ibm.ws.security.token.ltpa.LTPAKeyInfoManager            I CWWKS4103I: Creando las claves LTPA. Esto puede tardar unos segundos.
[15/7/26, 09:33:58:471 ECT] 00000038 ibm.ws.security.authentication.internal.jaas.JAASServiceImpl I CWWKS1123I: Se ha activado el plugin de autenticación colectivo con el nombre de clase NullCollectiveAuthenticationPlugin. 
[15/7/26, 09:33:58:749 ECT] 00000048 com.ibm.ws.security.token.ltpa.LTPAKeyInfoManager            A CWWKS4104A: Las claves LTPA se han creado en 0,390 segundos. Archivo de claves LTPA: C:/Users/USER/OneDrive/Desktop/Universidad/Ciclo2/POO/U2/Pawsity/target/liberty/wlp/usr/servers/defaultServer/resources/security/ltpa.keys
[15/7/26, 09:33:58:758 ECT] 00000048 com.ibm.ws.security.token.ltpa.internal.LTPAKeyCreateTask    I CWWKS4105I: La configuración de LTPA estará lista después de 0,400 segundos.
[15/7/26, 09:33:59:027 ECT] 00000038 com.ibm.ws.security.jaspi.AuthConfigFactoryWrapper           I CWWKS1655I: Se está utilizando la clase AuthConfigFactory com.ibm.ws.security.jaspi.ProviderRegistry de JASPIC (Java Authentication SPI for Containers) predeterminada porque la propiedad de seguridad Java authconfigprovider.factory no está establecida. 
[15/7/26, 09:33:59:442 ECT] 00000048 com.ibm.ws.app.manager.AppMessageHelper                      I CWWKZ0018I: Iniciando la aplicación Pawsity.
[15/7/26, 09:33:59:443 ECT] 00000048 bm.ws.app.manager.war.internal.WARDeployedAppInfoFactoryImpl I CWWKZ0134I: La aplicación Pawsity está utilizando la definición de aplicación dinámica en la ubicación C:\Users\USER\OneDrive\Desktop\Universidad\Ciclo2\POO\U2\Pawsity\target\liberty\wlp\usr\servers\defaultServer\apps\Pawsity.war.xml.
[15/7/26, 09:33:59:674 ECT] 00000040 com.ibm.ws.ssl.config.WSKeyStore                             A CWPKI0803A: El certificado SSL se ha creado en 1,378 segundos. Archivo de claves SSL: C:/Users/USER/OneDrive/Desktop/Universidad/Ciclo2/POO/U2/Pawsity/target/liberty/wlp/usr/servers/defaultServer/resources/security/key.p12
[15/7/26, 09:33:59:674 ECT] 00000040 com.ibm.ws.ssl.config.WSKeyStore                             I Successfully loaded default keystore: C:/Users/USER/OneDrive/Desktop/Universidad/Ciclo2/POO/U2/Pawsity/target/liberty/wlp/usr/servers/defaultServer/resources/security/key.p12 of type: PKCS12
[15/7/26, 09:34:02:520 ECT] 00000048 org.jboss.weld.Event                                         I WELD-000411: Observer method [BackedAnnotatedMethod] org.apache.myfaces.config.annotation.CdiAnnotationProviderExtension.processAnnotatedType(@Observes ProcessAnnotatedType<T>) receives events for all annotated types. Consider restricting events using @WithAnnotations or a generic type with bounds.
[15/7/26, 09:34:02:662 ECT] 00000048 org.hibernate.validator.internal.util.Version                I HV000001: Hibernate Validator 7.0.4.Final
[15/7/26, 09:34:04:103 ECT] 00000048 com.ibm.ws.session.WASSessionCore                            I SESN8501I: El gestor de sesiones no ha encontrado una ubicación de almacenamiento persistente; los objetos HttpSession se almacenarán en la memoria del servidor de aplicaciones local.
[15/7/26, 09:34:04:160 ECT] 00000048 com.ibm.ws.webcontainer.osgi.webapp.WebGroup                 I SRVE0169I: Cargando módulo web: Pawsity.
[15/7/26, 09:34:04:166 ECT] 00000048 com.ibm.ws.webcontainer                                      I SRVE0250I: El módulo web Pawsity se ha enlazado con default_host.
[15/7/26, 09:34:04:170 ECT] 00000048 com.ibm.ws.http.internal.VirtualHostImpl                     A CWWKT0016I: Aplicación web disponible (default_host): http://lp-riv:9080/Pawsity/
[15/7/26, 09:34:04:253 ECT] 00000045 com.ibm.ws.session.WASSessionCore                            I SESN0176I: Se creará un nuevo contexto de sesión para la clave de aplicación default_host/Pawsity
[15/7/26, 09:34:04:287 ECT] 00000045 com.ibm.ws.util                                              I SESN0172I: El gestor de sesiones está utilizando la implementación de SecureRandom Java por omisión para la generación del ID de sesión.
[15/7/26, 09:34:04:569 ECT] 00000045 com.ibm.ws.cache.CacheServiceImpl                            I DYNA1056I: La memoria caché dinámica (memoria caché de objeto) se ha inicializado correctamente.
[15/7/26, 09:34:04:646 ECT] 00000046 com.ibm.ws.webcontainer.osgi.mbeans.PluginGenerator          I SRVE9103I: Se ha generado automáticamente un archivo de configuración para un plug-in de servidor web para este servidor en C:\Users\USER\OneDrive\Desktop\Universidad\Ciclo2\POO\U2\Pawsity\target\liberty\wlp\usr\servers\defaultServer\logs\state\plugin-cfg.xml.
[15/7/26, 09:34:05:527 ECT] 00000045 org.apache.myfaces.webapp.MyFacesContainerInitializer        I Using io.openliberty.faces40.internal.ee.WASMyFacesContainerInitializer
[15/7/26, 09:34:05:536 ECT] 00000045 org.apache.myfaces.webapp.MyFacesContainerInitializer        I Added FacesServlet with mappings=[/faces/*, *.jsf, *.faces, *.xhtml]
[15/7/26, 09:34:05:537 ECT] 00000045 enliberty.faces40.internal.ee.WASMyFacesContainerInitializer I Added StartupServletContextListener to the servlet context
[15/7/26, 09:34:05:822 ECT] 00000045 org.apache.myfaces.config.DefaultFacesConfigurationProvider  I Found jakarta.faces.application.ApplicationFactory factory implementation: io.openliberty.faces40.internal.config.WASApplicationFactoryImpl
[15/7/26, 09:34:06:180 ECT] 00000045 org.apache.myfaces.util.ExternalSpecifications               I MyFaces Core CDI support enabled
[15/7/26, 09:34:06:198 ECT] 00000045 org.apache.myfaces.util.ExternalSpecifications               I MyFaces Core Bean Validation support enabled
[15/7/26, 09:34:06:411 ECT] 00000045 org.apache.myfaces.application.ApplicationImpl               I Couldn't discover the current project stage, using Production
[15/7/26, 09:34:06:442 ECT] 00000045 org.primefaces.webapp.PostConstructApplicationEventListener  I Running on PrimeFaces 15.0.0
[15/7/26, 09:34:06:454 ECT] 00000045 org.apache.myfaces.view.facelets.ViewPoolProcessor           I org.apache.myfaces.CACHE_EL_EXPRESSIONS web config parameter is set to "noCache". To enable view pooling this param must be set to "alwaysRecompile". View Pooling disabled.
[15/7/26, 09:34:06:462 ECT] 00000045 org.apache.myfaces.webapp.FacesInitializerImpl               I MyFaces Core has started, it took [901] ms.
[15/7/26, 09:34:06:469 ECT] 00000045 com.ibm.ws.app.manager.AppMessageHelper                      A CWWKZ0001I: La aplicación Pawsity se ha iniciado en 7,026 segundos.
[15/7/26, 09:34:06:512 ECT] 00000044 com.ibm.ws.tcpchannel.internal.TCPPort                       I CWWKO0219I: El canal TCP defaultHttpEndpoint se ha iniciado y ahora está a la escucha de solicitudes en el host *  (IPv6) puerto 9080.
[15/7/26, 09:34:06:519 ECT] 00000044 com.ibm.ws.tcpchannel.internal.TCPPort                       I CWWKO0219I: El canal TCP defaultHttpEndpoint-ssl se ha iniciado y ahora está a la escucha de solicitudes en el host *  (IPv6) puerto 9443.
[15/7/26, 09:34:06:567 ECT] 00000044 com.ibm.ws.kernel.feature.internal.FeatureManager            A CWWKF0012I: El servidor ha instalado las características siguientes: [appAuthentication-3.0, appSecurity-5.0, beanValidation-3.0, cdi-4.0, concurrent-3.0, distributedMap-1.0, enterpriseBeansLite-4.0, expressionLanguage-5.0, faces-4.0, jdbc-4.2, jndi-1.0, jsonb-3.0, jsonp-2.1, managedBeans-2.0, pages-3.1, persistence-3.1, persistenceContainer-3.1, restfulWS-3.1, restfulWSClient-3.1, servlet-6.0, ssl-1.0, transportSecurity-1.0, webProfile-10.0, websocket-2.1].
[15/7/26, 09:34:06:568 ECT] 00000044 com.ibm.ws.kernel.feature.internal.FeatureManager            I CWWKF0008I: La actualización de características se ha completado en 12,461 segundos.
[15/7/26, 09:34:06:569 ECT] 00000044 com.ibm.ws.kernel.feature.internal.FeatureManager            A CWWKF0011I: El servidor defaultServer está preparado para ejecutar un planeta más inteligente. El servidor defaultServer se ha iniciado en 14,548 segundos.
[15/7/26, 09:34:12:659 ECT] 00000072 com.ibm.ws.webcontainer.servlet                              I SRVE0242I: [Pawsity] [/Pawsity] [FacesServlet]: Inicialización satisfactoria.
[15/7/26, 09:34:12:818 ECT] 00000072 org.apache.myfaces.util.ExternalSpecifications               I MyFaces Core Servlet 6.0 support enabled
[15/7/26, 09:34:13:084 ECT] 00000072 org.apache.myfaces.el.ELResolverBuilder                      I Chain of EL resolvers: [org.apache.myfaces.el.resolver.implicitobject.ImplicitObjectResolver@4b36d072, org.jboss.weld.module.web.el.WeldELResolver@1c2b552d, org.apache.myfaces.el.resolver.CompositeComponentELResolver@632705a4, org.apache.myfaces.el.resolver.FlashELResolver@2964f644, org.apache.myfaces.el.resolver.ResourceResolver@542c065a, jakarta.el.ResourceBundleELResolver@12e8a3cf, org.apache.myfaces.el.resolver.ResourceBundleResolver@49399e13, org.apache.myfaces.el.resolver.ImportConstantsELResolver@47e197a6, org.apache.el.stream.StreamELResolverImpl@734b57d6, jakarta.el.StaticFieldELResolver@246a64ab, jakarta.el.MapELResolver@2126af33, jakarta.el.ListELResolver@6a314016, jakarta.el.ArrayELResolver@436d4f61, jakarta.el.BeanELResolver@3455349b]
[15/7/26, 09:34:13:116 ECT] 00000072 com.ibm.ws.webcontainer.webapp                               I SRVE0292I: Mensaje de servlet - [Pawsity]:.No state saving method defined, assuming default server state saving
[15/7/26, 09:34:21:700 ECT] 00000088 SystemOut                                                    O DEBUG: Usuario autenticado correctamente.
[15/7/26, 09:34:21:700 ECT] 00000088 SystemOut                                                    O DEBUG: Nombre recuperado del usuario: 'Laura'
[15/7/26, 09:34:51:826 ECT] 00000090 SystemOut                                                    O El catálogo ha sido actualizado. Se ha registrado a: Gordillo
[15/7/26, 09:35:01:117 ECT] 000000f0 SystemOut                                                    O DEBUG: Usuario autenticado correctamente.
[15/7/26, 09:35:01:117 ECT] 000000f0 SystemOut                                                    O DEBUG: Nombre recuperado del usuario: 'Carlos'
[15/7/26, 09:35:39:191 ECT] 00000027 com.ibm.ws.kernel.launch.internal.ServerCommandListener      A CWWKE0055I: Conclusión del servidor solicitada el miércoles, 15 de julio de 2026 a las 09:35. El servidor defaultServer se está cerrando.
[15/7/26, 09:35:39:199 ECT] 00000145 com.ibm.ws.runtime.update.internal.RuntimeUpdateManagerImpl  A CWWKE1100I: Esperando un máximo de 30 segundos para que el servidor se desactive temporalmente.
[15/7/26, 09:35:39:208 ECT] 00000146 com.ibm.ws.tcpchannel.internal.TCPChannel                    I CWWKO0220I: El canal TCP defaultHttpEndpoint ha detenido la escucha de solicitudes en el host *  (IPv6) puerto 9080.
[15/7/26, 09:35:39:209 ECT] 00000149 com.ibm.ws.tcpchannel.internal.TCPChannel                    I CWWKO0220I: El canal TCP defaultHttpEndpoint-ssl ha detenido la escucha de solicitudes en el host *  (IPv6) puerto 9443.
[15/7/26, 09:35:39:210 ECT] 00000149 com.ibm.ws.http.internal.VirtualHostImpl                     A CWWKT0017I: Aplicación web eliminada (default_host): https://lp-riv:9443/Pawsity/
[15/7/26, 09:35:39:214 ECT] 00000145 com.ibm.ws.runtime.update.internal.RuntimeUpdateManagerImpl  I CWWKE1101I: La desactivación temporal del servidor ha finalizado.
[15/7/26, 09:35:39:269 ECT] 00000151 com.ibm.ws.webcontainer.servlet                              I SRVE0253I: [Pawsity] [/Pawsity] [FacesServlet]: Destrucción satisfactoria.
[15/7/26, 09:35:39:290 ECT] 00000151 com.ibm.ws.app.manager.AppMessageHelper                      A CWWKZ0009I: La aplicación Pawsity se ha detenido correctamente.
[15/7/26, 09:35:39:522 ECT] 00000145 ibm.ws.security.authentication.internal.jaas.JAASServiceImpl I CWWKS1124I: Se ha desactivado el plugin de autenticación colectiva con el nombre de clase NullCollectiveAuthenticationPlugin. 
[15/7/26, 09:35:39:526 ECT] 00000145 com.ibm.ws.security.ready.internal.SecurityReadyServiceImpl  I CWWKS0009I: El servicio de seguridad se ha detenido.
[15/7/26, 09:35:39:956 ECT] 00000001 com.ibm.ws.kernel.launch.internal.FrameworkManager           A CWWKE0036I: El servidor defaultServer se ha detenido después de 1 minutos, 47,936 segundos.
